<?xml version="1.0" encoding="UTF-8"?>
<testng-results ignored="0" total="1" passed="1" failed="0" skipped="0">
  <reporter-output>
  </reporter-output>
  <suite started-at="2025-09-06T16:05:03 IST" name="functionaltesting" finished-at="2025-09-06T16:06:15 IST" duration-ms="72411">
    <groups>
      <group name="cucumber">
        <method signature="AbstractTestNGCucumberTests.runScenario(io.cucumber.testng.PickleWrapper,io.cucumber.testng.FeatureWrapper)[pri:0, instance:runners.MyTestRunner@6c45ee6e]" name="runScenario" class="io.cucumber.testng.AbstractTestNGCucumberTests"/>
      </group> <!-- cucumber -->
    </groups>
    <test started-at="2025-09-06T16:05:03 IST" name="Functional testcases" finished-at="2025-09-06T16:06:15 IST" duration-ms="72411">
      <class name="runners.MyTestRunner">
        <test-method is-config="true" signature="setUpClass(org.testng.ITestContext)[pri:0, instance:runners.MyTestRunner@6c45ee6e]" started-at="2025-09-06T16:05:03 IST" name="setUpClass" finished-at="2025-09-06T16:05:04 IST" duration-ms="678" status="PASS">
          <params>
            <param index="0">
              <value>
                <![CDATA[org.testng.TestRunner@7b222230]]>
              </value>
            </param>
          </params>
          <reporter-output>
          </reporter-output>
        </test-method> <!-- setUpClass -->
        <test-method signature="runScenario(io.cucumber.testng.PickleWrapper,io.cucumber.testng.FeatureWrapper)[pri:0, instance:runners.MyTestRunner@6c45ee6e]" started-at="2025-09-06T16:05:04 IST" name="runScenario" description="Runs Cucumber Scenarios" data-provider="scenarios" finished-at="2025-09-06T16:06:15 IST" duration-ms="71593" status="PASS">
          <params>
            <param index="0">
              <value>
                <![CDATA["Complete purchase flow from signup to logout"]]>
              </value>
            </param>
            <param index="1">
              <value>
                <![CDATA["DemoBlaze eCommerce Application"]]>
              </value>
            </param>
          </params>
          <reporter-output>
          </reporter-output>
        </test-method> <!-- runScenario -->
        <test-method is-config="true" signature="tearDownClass()[pri:0, instance:runners.MyTestRunner@6c45ee6e]" started-at="2025-09-06T16:06:15 IST" name="tearDownClass" finished-at="2025-09-06T16:06:15 IST" duration-ms="94" status="PASS">
          <reporter-output>
          </reporter-output>
        </test-method> <!-- tearDownClass -->
      </class> <!-- runners.MyTestRunner -->
    </test> <!-- Functional testcases -->
  </suite> <!-- functionaltesting -->
</testng-results>
